<?xml version="1.0" encoding="UTF-8"?>
<testsuite xmlns:xsi="http://www.w3.org/2001/XMLSchema-instance" xsi:noNamespaceSchemaLocation="https://maven.apache.org/surefire/maven-surefire-plugin/xsd/surefire-test-report.xsd" version="3.0.2" name="br.com.bauzin.crypto.service.FeedComparisonServiceTest" time="1.219" tests="5" errors="0" skipped="0" failures="0">
  <properties>
[...]
</properties>
  <testcase name="shouldTreatDifferencesWithinToleranceAsIdentical" classname="br.com.bauzin.crypto.service.FeedComparisonServiceTest" time="1.11"/>
  <testcase name="shouldReportMissingCandlesAsDifferences" classname="br.com.bauzin.crypto.service.FeedComparisonServiceTest" time="0.01"/>
  <testcase name="shouldSummarizeIdenticalAndDifferentCandles" classname="br.com.bauzin.crypto.service.FeedComparisonServiceTest" time="0.017"/>
  <testcase name="shouldAlignCandlesWithPositiveShift" classname="br.com.bauzin.crypto.service.FeedComparisonServiceTest" time="0.013"/>
  <testcase name="shouldTreatDifferentDecimalScalesAsEqualWhenPriceScaleIsConfigured" classname="br.com.bauzin.crypto.service.FeedComparisonServiceTest" time="0.035"/>
</testsuite>